c = y, x = 29, y = 5
c = y, x = 34, y = 15
c = y, x = 36, y = 4
c = y, x = 36, y = 23
c = y, x = 39, y = 16
c = z, x = 29, y = 45
c = z, x = 30, y = 49
c = z, x = 31, y = 1
c = z, x = 32, y = 5
c = z, x = 37, y = 2
c = z, x = 39, y = 39
c = z, x = 45, y = 40
c = z, x = 47, y = 48
c = w, x = 20, y = 29
c = w, x = 23, y = 31
c = w, x = 27, y = 30
c = w, x = 34, y = 37
c = w, x = 37, y = 39
c = w, x = 42, y = 35
c = w, x = 48, y = 42
c = w, x = 49, y = 36
c = U, x = 23, y = 27
c = U, x = 29, y = 49
c = U, x = 30, y = 25
c = N, x = 27, y = 39
c = N, x = 28, y = 41
c = N, x = 29, y = 23
c = N, x = 29, y = 42
c = N, x = 30, y = 25
c = N, x = 31, y = 25
c = N, x = 32, y = 18
c = N, x = 33, y = 28
c = N, x = 34, y = 20
c = N, x = 34, y = 31
c = N, x = 35, y = 32
c = N, x = 36, y = 24
c = W, x = 20, y = 26
c = W, x = 22, y = 27
c = W, x = 34, y = 20
c = W, x = 40, y = 23
c = W, x = 43, y = 18
c = W, x = 47, y = 20
c = b, x = 3, y = 33
c = b, x = 3, y = 34
c = b, x = 4, y = 23
c = b, x = 5, y = 11
c = b, x = 11, y = 40
c = b, x = 14, y = 7
c = b, x = 16, y = 32
c = b, x = 18, y = 10
c = b, x = 29, y = 32
c = b, x = 30, y = 21
c = b, x = 34, y = 24
c = E, x = 12, y = 27
c = E, x = 38, y = 3
c = A, x = 4, y = 24
c = A, x = 5, y = 3
c = A, x = 14, y = 33
c = A, x = 25, y = 21
c = A, x = 28, y = 31
c = u, x = 11, y = 38
c = u, x = 14, y = 23
c = u, x = 17, y = 21
c = u, x = 19, y = 11
c = X, x = 7, y = 6
c = X, x = 12, y = 9
c = X, x = 29, y = 23
c = X, x = 39, y = 16
c = q, x = 18, y = 44
c = q, x = 23, y = 46
c = q, x = 34, y = 42
c = q, x = 36, y = 0
c = q, x = 41, y = 2
c = q, x = 47, y = 43
c = q, x = 49, y = 1
c = q, x = 49, y = 48
c = 6, x = 0, y = 16
c = 6, x = 2, y = 18
c = 6, x = 4, y = 21
c = 6, x = 7, y = 24
c = 6, x = 14, y = 33
c = 6, x = 15, y = 34
c = j, x = 1, y = 32
c = j, x = 4, y = 23
c = j, x = 27, y = 22
c = j, x = 30, y = 30
c = 0, x = 1, y = 22
c = 0, x = 2, y = 19
c = 0, x = 3, y = 21
c = 0, x = 15, y = 4
c = 0, x = 16, y = 1
c = 0, x = 17, y = 8
c = 0, x = 19, y = 7
c = 0, x = 21, y = 1
c = M, x = 15, y = 25
c = M, x = 16, y = 31
c = M, x = 17, y = 24
c = M, x = 25, y = 49
c = M, x = 27, y = 35
c = M, x = 29, y = 34
c = M, x = 31, y = 46
c = M, x = 34, y = 46
c = 8, x = 1, y = 4
c = 8, x = 8, y = 8
c = 8, x = 12, y = 26
c = 8, x = 15, y = 24
c = 8, x = 16, y = 7
c = 8, x = 17, y = 2
c = 8, x = 20, y = 25
c = 8, x = 22, y = 3
c = Z, x = 3, y = 11
c = Z, x = 4, y = 17
c = Z, x = 5, y = 18
c = Z, x = 12, y = 7
c = Z, x = 12, y = 14
c = Z, x = 15, y = 10
c = Z, x = 17, y = 3
c = Z, x = 19, y = 5
c = Z, x = 20, y = 4
c = Z, x = 22, y = 6
c = 2, x = 29, y = 6
c = 2, x = 44, y = 3
c = m, x = 9, y = 47
c = m, x = 14, y = 39
c = m, x = 15, y = 31
c = m, x = 28, y = 26
c = m, x = 34, y = 45
c = m, x = 37, y = 21
c = m, x = 45, y = 40
c = m, x = 47, y = 24
c = m, x = 48, y = 32
c = Y, x = 1, y = 40
c = Y, x = 4, y = 46
c = Y, x = 10, y = 39
c = Y, x = 27, y = 42
c = Y, x = 28, y = 44
c = O, x = 0, y = 7
c = O, x = 6, y = 4
c = O, x = 14, y = 17
c = O, x = 16, y = 16
c = 1, x = 11, y = 41
c = 1, x = 14, y = 12
c = 1, x = 16, y = 44
c = e, x = 7, y = 21
c = e, x = 8, y = 26
c = e, x = 34, y = 37
c = e, x = 37, y = 23
c = e, x = 38, y = 28
c = 5, x = 23, y = 38
c = 5, x = 24, y = 29
c = 5, x = 25, y = 34
c = 5, x = 27, y = 23
c = 5, x = 28, y = 7
c = 5, x = 29, y = 5
c = 5, x = 42, y = 24
c = 5, x = 44, y = 20
c = 5, x = 46, y = 2
c = G, x = 9, y = 24
c = G, x = 11, y = 37
c = G, x = 22, y = 30
c = G, x = 25, y = 27
c = G, x = 30, y = 9
c = G, x = 36, y = 20
c = g, x = 18, y = 41
c = g, x = 22, y = 44
c = g, x = 32, y = 43
c = g, x = 43, y = 47
c = J, x = 13, y = 18
c = J, x = 20, y = 6
c = J, x = 22, y = 11
c = J, x = 23, y = 14
c = J, x = 27, y = 24
c = J, x = 30, y = 2
c = J, x = 36, y = 17
c = J, x = 37, y = 5
c = J, x = 41, y = 15
c = B, x = 8, y = 35
c = B, x = 9, y = 47
c = B, x = 12, y = 21
c = B, x = 15, y = 26
c = 3, x = 0, y = 7
c = 3, x = 2, y = 16
c = 3, x = 10, y = 5
c = 3, x = 11, y = 14
c = 3, x = 16, y = 32
c = 3, x = 17, y = 13
c = 3, x = 21, y = 12
c = 3, x = 21, y = 31
c = 3, x = 25, y = 30
c = n, x = 2, y = 48
c = n, x = 8, y = 43
c = n, x = 14, y = 26
c = n, x = 20, y = 21
c = n, x = 23, y = 49
c = n, x = 25, y = 23
c = n, x = 30, y = 37
c = n, x = 35, y = 39
c = o, x = 17, y = 26
c = o, x = 18, y = 22
c = o, x = 22, y = 25
c = o, x = 31, y = 38
c = o, x = 32, y = 34
c = o, x = 39, y = 44
c = o, x = 42, y = 32
c = o, x = 43, y = 43
c = o, x = 44, y = 43
c = o, x = 46, y = 35
c = 4, x = 7, y = 48
c = 4, x = 14, y = 41
c = 4, x = 16, y = 35
c = 4, x = 16, y = 46
c = 4, x = 19, y = 37
c = 4, x = 23, y = 47
c = 4, x = 38, y = 19
c = 4, x = 40, y = 24
c = 4, x = 41, y = 21
c = Q, x = 10, y = 20
c = Q, x = 17, y = 21
c = Q, x = 24, y = 28
c = Q, x = 27, y = 8
c = Q, x = 38, y = 33
c = Q, x = 41, y = 16
c = Q, x = 45, y = 31
c = x, x = 5, y = 14
c = x, x = 6, y = 12
c = x, x = 11, y = 6
c = x, x = 12, y = 4
c = x, x = 16, y = 21
c = x, x = 25, y = 9
c = x, x = 31, y = 24
c = x, x = 34, y = 18
c = x, x = 42, y = 31
c = x, x = 44, y = 27
c = x, x = 45, y = 27
c = x, x = 47, y = 23
c = a, x = 12, y = 41
c = a, x = 14, y = 37
c = a, x = 18, y = 43
c = a, x = 19, y = 37
c = a, x = 21, y = 33
c = a, x = 21, y = 40
c = a, x = 24, y = 34
c = a, x = 27, y = 42
c = a, x = 28, y = 40
c = a, x = 39, y = 31
c = a, x = 41, y = 34
c = a, x = 42, y = 32
c = 9, x = 1, y = 28
c = 9, x = 2, y = 24
c = 9, x = 7, y = 23
c = 9, x = 35, y = 16
c = 9, x = 36, y = 12
c = 9, x = 45, y = 14
c = 9, x = 48, y = 2
c = 7, x = 13, y = 45
c = 7, x = 19, y = 44
c = 7, x = 22, y = 45
c = 7, x = 23, y = 37
c = 7, x = 34, y = 32
c = 7, x = 34, y = 43
c = 7, x = 37, y = 19
c = 7, x = 41, y = 34
c = 7, x = 43, y = 18
c = 7, x = 46, y = 30
c = 7, x = 48, y = 14
247
